#
# There is insufficient memory for the Java Runtime Environment to continue.
# Native memory allocation (mmap) failed to map 266338304 bytes for G1 virtual space
# Possible reasons:
#   The system is out of physical RAM or swap space
#   The process is running with CompressedOops enabled, and the Java Heap may be blocking the growth of the native heap
# Possible solutions:
#   Reduce memory load on the system
#   Increase physical memory or swap space
#   Check if swap backing store is full
#   Decrease Java heap size (-Xmx/-Xms)
#   Decrease number of Java threads
#   Decrease Java thread stack sizes (-Xss)
#   Set larger code cache with -XX:ReservedCodeCacheSize=
#   JVM is running with Zero Based Compressed Oops mode in which the Java heap is
#     placed in the first 32GB address space. The Java Heap base address is the
#     maximum limit for the native heap growth. Please use -XX:HeapBaseMinAddress
#     to set the Java Heap base and to place the Java Heap above 32GB virtual address.
# This output file may be truncated or incomplete.
#
#  Out of Memory Error (os_windows.cpp:3753), pid=12616, tid=12448
#
# JRE version:  (17.0.4+7) (build )
# Java VM: OpenJDK 64-Bit Server VM (17.0.4+7-b469.53, mixed mode, sharing, tiered, compressed oops, compressed class ptrs, g1 gc, windows-amd64)
# No core dump will be written. Minidumps are not enabled by default on client versions of Windows
#

---------------  S U M M A R Y ------------

Command Line: git4idea.http.GitAskPassApp Username for 'https://github.com': 

Host: Intel(R) Core(TM) i7-9700 CPU @ 3.00GHz, 8 cores, 15G,  Windows 10 , 64 bit Build 18362 (10.0.18362.1082)
Time: Wed Dec 14 16:36:39 2022 Западная Азия (зима) elapsed time: 0.007007 seconds (0d 0h 0m 0s)

---------------  T H R E A D  ---------------

Current thread (0x00000172800bca80):  JavaThread "Unknown thread" [_thread_in_vm, id=12448, stack(0x0000005e5a400000,0x0000005e5a500000)]

Stack: [0x0000005e5a400000,0x0000005e5a500000]
Native frames: (J=compiled Java code, j=interpreted, Vv=VM code, C=native code)
V  [jvm.dll+0x68348a]
V  [jvm.dll+0x83faf4]
V  [jvm.dll+0x84129e]
V  [jvm.dll+0x841903]
V  [jvm.dll+0x2494a5]
V  [jvm.dll+0x680359]
V  [jvm.dll+0x67499a]
V  [jvm.dll+0x3092db]
V  [jvm.dll+0x310796]
V  [jvm.dll+0x36077e]
V  [jvm.dll+0x3609af]
V  [jvm.dll+0x2df3c8]
V  [jvm.dll+0x2e0334]
V  [jvm.dll+0x8112e1]
V  [jvm.dll+0x36e5d1]
V  [jvm.dll+0x7f06bc]
V  [jvm.dll+0x3f16ef]
V  [jvm.dll+0x3f3231]
C  [jli.dll+0x526b]
C  [ucrtbase.dll+0x20e82]
C  [KERNEL32.DLL+0x17bd4]
C  [ntdll.dll+0x6ce51]


---------------  P R O C E S S  ---------------

Threads class SMR info:
_java_thread_list=0x00007ffa7d927f18, length=0, elements={
}

Java Threads: ( => current thread )

Other Threads:
  0x00000172801293f0 GCTaskThread "GC Thread#0" [stack: 0x0000005e5a500000,0x0000005e5a600000] [id=1492]
  0x000001728013a0b0 ConcurrentGCThread "G1 Main Marker" [stack: 0x0000005e5a600000,0x0000005e5a700000] [id=13344]
  0x000001728013aac0 ConcurrentGCThread "G1 Conc#0" [stack: 0x0000005e5a700000,0x0000005e5a800000] [id=2636]

[error occurred during error reporting (printing all threads), id 0xc0000005, EXCEPTION_ACCESS_VIOLATION (0xc0000005) at pc=0x00007ffa7d0dff87]

VM state: not at safepoint (not fully initialized)

VM Mutex/Monitor currently owned by a thread:  ([mutex/lock_event])
[0x00000172800b96e0] Heap_lock - owner thread: 0x00000172800bca80

Heap address: 0x0000000702800000, size: 4056 MB, Compressed Oops mode: Zero based, Oop shift amount: 3

CDS archive(s) mapped at: [0x0000000000000000-0x0000000000000000-0x0000000000000000), size 0, SharedBaseAddress: 0x0000000800000000, ArchiveRelocationMode: 0.
Narrow klass base: 0x0000000000000000, Narrow klass shift: 0, Narrow klass range: 0x0

GC Precious Log:
<Empty>

Heap:
 garbage-first heap   total 0K, used 0K [0x0000000702800000, 0x0000000800000000)
  region size 2048K, 0 young (0K), 0 survivors (0K)

[error occurred during error reporting (printing heap information), id 0xc0000005, EXCEPTION_ACCESS_VIOLATION (0xc0000005) at pc=0x00007ffa7d4cd119]

GC Heap History (0 events):
No events

Deoptimization events (0 events):
No events

Classes unloaded (0 events):
No events

Classes redefined (0 events):
No events

Internal exceptions (0 events):
No events

VM Operations (0 events):
No events

Events (1 events):
Event: 0.003 Loaded shared library C:\Program Files\JetBrains\PhpStorm 2022.2.2\jbr\bin\java.dll


Dynamic libraries:
0x00007ff721030000 - 0x00007ff72103a000 	C:\Program Files\JetBrains\PhpStorm 2022.2.2\jbr\bin\java.exe
0x00007ffab1e60000 - 0x00007ffab2050000 	C:\Windows\SYSTEM32\ntdll.dll
0x00007ffab1910000 - 0x00007ffab19c2000 	C:\Windows\System32\KERNEL32.DLL
0x00007ffaafa90000 - 0x00007ffaafd35000 	C:\Windows\System32\KERNELBASE.dll
0x000000005b000000 - 0x000000005b08d000 	C:\Windows\System32\SYSFER.DLL
0x00007ffaaf990000 - 0x00007ffaafa8a000 	C:\Windows\System32\ucrtbase.dll
0x00007ffa8ce50000 - 0x00007ffa8ce67000 	C:\Program Files\JetBrains\PhpStorm 2022.2.2\jbr\bin\jli.dll
0x00007ffa85980000 - 0x00007ffa8599b000 	C:\Program Files\JetBrains\PhpStorm 2022.2.2\jbr\bin\VCRUNTIME140.dll
0x00007ffaaff10000 - 0x00007ffab00a5000 	C:\Windows\System32\USER32.dll
0x00007ffaaeef0000 - 0x00007ffaaef11000 	C:\Windows\System32\win32u.dll
0x00007ffa9a510000 - 0x00007ffa9a794000 	C:\Windows\WinSxS\amd64_microsoft.windows.common-controls_6595b64144ccf1df_6.0.18362.1082_none_9e8193e1e45b25c1\COMCTL32.dll
0x00007ffab0770000 - 0x00007ffab0796000 	C:\Windows\System32\GDI32.dll
0x00007ffab1870000 - 0x00007ffab190e000 	C:\Windows\System32\msvcrt.dll
0x00007ffaaf070000 - 0x00007ffaaf206000 	C:\Windows\System32\gdi32full.dll
0x00007ffab1530000 - 0x00007ffab1865000 	C:\Windows\System32\combase.dll
0x00007ffaaedf0000 - 0x00007ffaaee8e000 	C:\Windows\System32\msvcp_win.dll
0x00007ffab1c10000 - 0x00007ffab1d30000 	C:\Windows\System32\RPCRT4.dll
0x00007ffaafe90000 - 0x00007ffaaff10000 	C:\Windows\System32\bcryptPrimitives.dll
0x00007ffab1b10000 - 0x00007ffab1b3e000 	C:\Windows\System32\IMM32.DLL
0x00007ffa99870000 - 0x00007ffa9987c000 	C:\Program Files\JetBrains\PhpStorm 2022.2.2\jbr\bin\vcruntime140_1.dll
0x00007ffa6ee00000 - 0x00007ffa6ee8d000 	C:\Program Files\JetBrains\PhpStorm 2022.2.2\jbr\bin\msvcp140.dll
0x00007ffa7cdf0000 - 0x00007ffa7da59000 	C:\Program Files\JetBrains\PhpStorm 2022.2.2\jbr\bin\server\jvm.dll
0x00007ffab19e0000 - 0x00007ffab1a83000 	C:\Windows\System32\ADVAPI32.dll
0x00007ffab08d0000 - 0x00007ffab0967000 	C:\Windows\System32\sechost.dll
0x00007ffab19d0000 - 0x00007ffab19d8000 	C:\Windows\System32\PSAPI.DLL
0x00007ffa855e0000 - 0x00007ffa855e9000 	C:\Windows\SYSTEM32\WSOCK32.dll
0x00007ffab1d30000 - 0x00007ffab1d9f000 	C:\Windows\System32\WS2_32.dll
0x00007ffaaceb0000 - 0x00007ffaaced4000 	C:\Windows\SYSTEM32\WINMM.dll
0x00007ffaab060000 - 0x00007ffaab06a000 	C:\Windows\SYSTEM32\VERSION.dll
0x00007ffaace80000 - 0x00007ffaacead000 	C:\Windows\SYSTEM32\WINMMBASE.dll
0x00007ffaafe40000 - 0x00007ffaafe8a000 	C:\Windows\System32\cfgmgr32.dll
0x00007ffaaed30000 - 0x00007ffaaed41000 	C:\Windows\System32\kernel.appcore.dll
0x00007ffaa9ff0000 - 0x00007ffaa9ffa000 	C:\Program Files\JetBrains\PhpStorm 2022.2.2\jbr\bin\jimage.dll
0x00007ffa74810000 - 0x00007ffa74a04000 	C:\Windows\SYSTEM32\DBGHELP.DLL
0x00007ffa663b0000 - 0x00007ffa663da000 	C:\Windows\SYSTEM32\dbgcore.DLL
0x00007ffa9a0b0000 - 0x00007ffa9a0d5000 	C:\Program Files\JetBrains\PhpStorm 2022.2.2\jbr\bin\java.dll

dbghelp: loaded successfully - version: 4.0.5 - missing functions: none
symbol engine: initialized successfully - sym options: 0x614 - pdb path: .;C:\Program Files\JetBrains\PhpStorm 2022.2.2\jbr\bin;C:\Windows\SYSTEM32;C:\Windows\WinSxS\amd64_microsoft.windows.common-controls_6595b64144ccf1df_6.0.18362.1082_none_9e8193e1e45b25c1;C:\Program Files\JetBrains\PhpStorm 2022.2.2\jbr\bin\server

VM Arguments:
java_command: git4idea.http.GitAskPassApp Username for 'https://github.com': 
java_class_path (initial): C:/Program Files/JetBrains/PhpStorm 2022.2.2/plugins/git4idea/lib/git4idea-rt.jar;C:/Program Files/JetBrains/PhpStorm 2022.2.2/lib/externalProcess-rt.jar;C:/Program Files/JetBrains/PhpStorm 2022.2.2/lib/app.jar;C:/Program Files/JetBrains/PhpStorm 2022.2.2/lib/3rd-party-rt.jar
Launcher Type: SUN_STANDARD

[Global flags]
     intx CICompilerCount                          = 4                                         {product} {ergonomic}
     uint ConcGCThreads                            = 2                                         {product} {ergonomic}
     uint G1ConcRefinementThreads                  = 8                                         {product} {ergonomic}
   size_t G1HeapRegionSize                         = 2097152                                   {product} {ergonomic}
    uintx GCDrainStackTargetSize                   = 64                                        {product} {ergonomic}
   size_t InitialHeapSize                          = 266338304                                 {product} {ergonomic}
   size_t MarkStackSize                            = 4194304                                   {product} {ergonomic}
   size_t MaxHeapSize                              = 4253024256                                {product} {ergonomic}
   size_t MinHeapDeltaBytes                        = 2097152                                   {product} {ergonomic}
   size_t MinHeapSize                              = 8388608                                   {product} {ergonomic}
    uintx NonNMethodCodeHeapSize                   = 5839372                                {pd product} {ergonomic}
    uintx NonProfiledCodeHeapSize                  = 122909434                              {pd product} {ergonomic}
    uintx ProfiledCodeHeapSize                     = 122909434                              {pd product} {ergonomic}
    uintx ReservedCodeCacheSize                    = 251658240                              {pd product} {ergonomic}
     bool SegmentedCodeCache                       = true                                      {product} {ergonomic}
   size_t SoftMaxHeapSize                          = 4253024256                             {manageable} {ergonomic}
     bool UseCompressedClassPointers               = true                           {product lp64_product} {ergonomic}
     bool UseCompressedOops                        = true                           {product lp64_product} {ergonomic}
     bool UseG1GC                                  = true                                      {product} {ergonomic}
     bool UseLargePagesIndividualAllocation        = false                                  {pd product} {ergonomic}

Logging:
Log output configuration:
 #0: stdout all=warning uptime,level,tags
 #1: stderr all=off uptime,level,tags

Environment Variables:
JAVA_HOME=C:\Program Files\Java\jdk-11.0.13
PATH=C:\Program Files\Git\mingw64\libexec\git-core;C:\Program Files\Git\mingw64\libexec\git-core;C:\Program Files\Git\mingw64\bin;C:\Program Files\Git\usr\bin;C:\Users\emuslimov\bin;C:\Program Files\Python310\Scripts;C:\Program Files\Python310;C:\Program Files\Common Files\Oracle\Java\javapath;C:\Program Files\Python\10\Scripts;C:\Program Files\Python\10;C:\Program Files (x86)\Common Files\Oracle\Java\javapath;C:\Program Files (x86)\VMware\VMware Workstation\bin;C:\Program Files (x86)\PC Connectivity Solution;C:\Program Files (x86)\VanDyke Software\Clients;C:\Program Files\VanDyke Software\Clients;C:\app\emuslimov\product\12.2.0\client_1;C:\Windows\system32;C:\Windows;C:\Windows\System32\Wbem;C:\Windows\System32\WindowsPowerShell\v1.0;C:\Windows\System32\OpenSSH;C:\Program Files (x86)\Bitvise SSH Client;C:\Program Files (x86)\PLSQL Developer;C:\app\emuslimov\product\12.2.0\client_1;C:\Program Files\Oracle\instantclient_12_1;C:\Program Files\Oracle\instantclient_12_2;C:\app\emuslimov\product\instantclient_12_1;C:\app\emuslimov\product\instantclient_12_2;C:\Program Files\Java\jre1.8.0_251;C:\JetBrains\PyCharm 2020.1\bin;C:\Program Files\Java\jdk-11.0.6\bin;C:\poppler\bin;C:\Program Files\WindowsPowerShell\Scripts;D:\cdriver;C:\Program Files\Microsoft SQL Server\120\Tools\Binn;C:\Program Files\Java\jre1.8.0_261\bin;C:\Program Files\Git\cmd;C:\Program Files\PuTTY;C:\Program Files (x86)\VMware\VMware Workstation;C:\Program Files\WinRAR;C:\Users\emuslimov\AppData\Roaming\Python\Python38\Scripts;C:\Program Files\nodejs;D:\Personal\Documents\ProjectsU\001_Scripts\WinENVscripts;C:\Program Files\Java\jdk-11.0.13;C:\Program Files\Java\jdk-11.0.13\bin;%MAVEN_HOME%\bin;C:\Users\emuslimov\Anaconda3;C:\Users\emuslimov\Anaconda3\Scripts;C:\xampp\php;C:\xampp\mysql\bin;C:\ProgramData\ComposerSetup\bin;C:\Ruby31-x64\bin;C:\Python38\Scripts;C:\Python38;C:\Program Files (x86)\Common Files\Oracle\Java\javapath;C:\Program Files (x86)\VMware\VMware Workstation\bin;C:\Program Files (x86)\PC C
USERNAME=emuslimov
DISPLAY=:0.0
LC_ALL=en_US.UTF-8
TERM=cygwin
TMPDIR=C:\Users\EMUSLI~1\AppData\Local\Temp
OS=Windows_NT
PROCESSOR_IDENTIFIER=Intel64 Family 6 Model 158 Stepping 13, GenuineIntel
TMP=C:\Users\EMUSLI~1\AppData\Local\Temp
TEMP=C:\Users\EMUSLI~1\AppData\Local\Temp



---------------  S Y S T E M  ---------------

OS:
 Windows 10 , 64 bit Build 18362 (10.0.18362.1082)
OS uptime: 0 days 7:08 hours

CPU: total 8 (initial active 8) (8 cores per cpu, 1 threads per core) family 6 model 158 stepping 13 microcode 0xb8, cx8, cmov, fxsr, mmx, 3dnowpref, sse, sse2, sse3, ssse3, sse4.1, sse4.2, popcnt, lzcnt, tsc, tscinvbit, avx, avx2, aes, erms, clmul, bmi1, bmi2, rtm, adx, fma, vzeroupper, clflush, clflushopt

Memory: 4k page, system-wide physical 16222M (3770M free)
TotalPageFile size 20318M (AvailPageFile size 207M)
current process WorkingSet (physical memory assigned to process): 10M, peak: 10M
current process commit charge ("private bytes"): 60M, peak: 314M

vm_info: OpenJDK 64-Bit Server VM (17.0.4+7-b469.53) for windows-amd64 JRE (17.0.4+7-b469.53), built on 2022-08-29 by "builduser" with MS VC++ 16.10 / 16.11 (VS2019)

END.
